12152 123 133 122 132 0000000000000000 0
12155 127 127 124 129 0000000000000000 0
12162 124 128 127 131 0000000000000000 0
12175 126 127 124 126 0000000000000000 0
12265 126 127 124 126 0000000000000000 0
12357 126 127 124 126 0000000000000000 0
12453 126 127 124 126 0000000000000000 0
12548 126 127 124 126 0000000000000000 0
12643 126 127 124 126 0000000000000000 0
12737 126 127 124 126 0000000000000000 0
12835 126 127 124 126 0000000000000000 0
12927 126 127 124 126 0000000000000000 0
12997 126 127 124 126 0000000000000000 0
13018 126 127 124 126 0000000000000000 0
13111 126 127 124 126 0000000000000000 0
13205 126 127 124 126 0000000000000000 0
13298 126 127 124 126 0000000000000000 0
13395 126 127 124 126 0000000000000000 0
13500 126 127 124 126 0000000000000000 0
13602 126 127 124 126 0000000000000000 0
13694 126 127 124 126 0000000000000000 0
13786 126 127 124 126 0000000000000000 0
13882 126 127 124 126 0000000000000000 0
13983 126 127 124 126 0000000000000000 0
13997 126 127 124 126 0000000000000000 0
14075 126 127 124 126 0000000000000000 0
14165 126 127 124 126 0000000000000000 0
14256 126 127 124 126 0000000000000000 0
14353 126 127 124 126 0000000000000000 0
14445 126 127 124 126 0000000000000000 0
14536 126 127 124 126 0000000000000000 0
14626 126 127 124 126 0000000000000000 0
14717 126 127 124 126 0000000000000000 0
14807 126 127 124 126 0000000000000000 0
14912 126 127 124 126 0000000000000000 0
14987 126 127 124 126 0000000000000000 0
14997 126 127 124 126 0000000000000000 0
15079 126 127 124 126 0000000000000000 0
15174 126 127 124 126 0000000000000000 0
15266 126 127 124 126 0000000000000000 0
15356 126 127 124 126 0000000000000000 0
15450 126 127 124 126 0000000000000000 0
15545 126 127 124 126 0000000000000000 0
15637 126 127 124 126 0000000000000000 0
15728 126 127 124 126 0000000000000000 0
15819 126 127 124 126 0000000000000000 0
15909 126 127 124 126 0000000000000000 0
15997 126 127 124 126 0000000000000000 0
15999 126 127 124 126 0000000000000000 0
16089 126 127 124 126 0000000000000000 0
16179 126 127 124 126 0000000000000000 0
16269 126 127 124 126 0000000000000000 0
16359 126 127 124 126 0000000000000000 0
16451 126 127 124 126 0000000000000000 0
16547 126 127 124 126 0000000000000000 0
16639 126 127 124 126 0000000000000000 0
16729 126 127 124 126 0000000000000000 0
16822 126 127 124 126 0000000000000000 0
16918 126 127 124 126 0000000000000000 0
17017 126 127 124 126 0000000000000000 0
17103 126 127 124 126 0000000000000000 0
17193 126 127 124 126 0000000000000000 0
17287 126 127 124 126 0000000000000000 0
17381 126 127 124 126 0000000000000000 0
17473 126 127 124 126 0000000000000000 0
17571 126 127 124 126 0000000000000000 0
17664 126 127 124 126 0000000000000000 0
17754 126 127 124 126 0000000000000000 0
17846 126 127 124 126 0000000000000000 0
17940 126 127 124 126 0000000000000000 0
18034 126 127 124 126 0000000000000000 0
18125 126 127 124 126 0000000000000000 0
18215 126 127 124 126 0000000000000000 0
18309 126 127 124 126 0000000000000000 0
18403 126 127 124 126 0000000000000000 0
18496 126 127 124 126 0000000000000000 0
18587 126 127 124 126 0000000000000000 0
18678 126 127 124 126 0000000000000000 0
18772 126 127 124 126 0000000000000000 0
18868 126 127 124 126 0000000000000000 0
18959 126 127 124 126 0000000000000000 0
19055 126 127 124 126 0000000000000000 0
19147 126 127 124 126 0000000000000000 0
19238 126 127 124 126 0000000000000000 0
19329 126 127 124 126 0000000000000000 0
19419 126 127 124 126 0000000000000000 0
19509 126 127 124 126 0000000000000000 0
19601 126 127 124 126 0000000000000000 0
19696 126 127 124 126 0000000000000000 0
19789 126 127 124 126 0000000000000000 0
19880 126 127 124 126 0000000000000000 0
19971 126 127 124 126 0000000000000000 0
20063 126 127 124 126 0000000000000000 0
20157 126 127 124 126 0000000000000000 0
20250 126 127 124 126 0000000000000000 0
20342 126 127 124 126 0000000000000000 0
20433 126 127 124 126 0000000000000000 0
20527 126 127 124 126 0000000000000000 0
20620 126 127 124 126 0000000000000000 0
20712 126 127 128 132 0000000000000000 0
20802 126 127 174 255 0000000000000000 0
20898 126 127 194 255 0000000000000000 0
20992 77 0 196 255 0000000000000000 0
21086 79 0 157 241 0000000000000000 0
21182 126 126 129 128 0000000000000000 0
21274 123 128 24 102 0000000000000000 0
21370 0 77 0 91 0000000000000000 0
21464 116 0 123 126 0000100000000000 0
21555 240 3 137 162 0000100000000000 0
21647 255 39 219 249 0000100000000000 0
21738 124 128 245 246 0000000000000000 0
21830 160 138 198 168 0000100000000000 0
21924 224 146 207 140 0000100000000000 0
22016 125 127 113 68 0000100000000000 0
22107 125 127 93 40 0000000000000000 0
22198 124 127 87 107 0000100000000000 0
22287 104 146 131 193 0000000000000000 0
22377 41 255 119 231 0000000000000000 0
22479 41 255 0 36 0000000000000000 0
22578 51 255 38 0 0000100000000000 0
22668 125 126 69 0 0000100000000000 0
22766 126 126 156 0 0000000000000000 0
22859 126 126 255 78 0000000000000000 0
22953 126 126 255 156 0000000000000000 0
23046 126 126 255 211 0000000000000000 0
23140 126 126 255 225 0000000000000000 0
23231 126 126 255 225 0000000000000000 0
23322 126 126 255 217 0000000000000000 0
23417 123 126 255 216 0000000000000000 0
23512 124 127 208 8 0000000000000000 0
23612 124 126 118 106 0000000000000000 0
23703 125 126 111 134 0000000000000000 0
23794 125 128 0 145 0000000000000000 0
23885 116 135 0 145 0000000000000000 0
23975 75 173 0 144 0000000000000000 0
24065 0 219 0 145 0000000000000000 0
24155 0 209 0 145 0000000000000000 0
24247 69 139 0 146 0000000000000000 0
24340 128 126 0 146 0000000000000000 0
24433 128 126 0 139 0000000000000000 0
24524 128 119 0 134 0000000000000000 0
24616 177 0 128 128 0000000000000000 0
24706 184 0 126 125 0000000000000000 0
24796 184 0 129 121 0000000000000000 0
24894 185 0 126 121 0000000000000000 0
24985 184 0 129 128 0000000000000000 0
25076 142 0 129 128 0000000000000000 0
25167 125 126 129 128 0000000000000000 0
25258 184 154 129 128 0000000000000000 0
25352 255 212 70 111 0000000000000000 0
25446 255 242 0 88 0000000000000000 0
25540 255 241 0 88 0000000000000000 0
25636 228 182 23 83 0000000000000000 0
25728 125 126 129 128 0000000000000000 0
25820 124 126 129 128 0000000000000000 0
25912 124 127 129 128 0000000000000000 0
26007 124 127 57 129 0000000000000000 0
26099 124 127 1 141 0000000000000000 0
26189 125 126 0 145 0000000000000000 0
26282 124 127 0 146 0000000000000000 0
26382 124 126 0 146 0000000000000000 0
26472 124 127 0 146 0000000000000000 0
26568 124 126 0 146 0000000000000000 0
26661 125 126 129 128 0000000000000000 0
26752 124 127 129 128 0000000000000000 0
26843 125 127 129 128 0000000000000000 0
26935 129 91 130 128 0000000000000000 0
27027 110 0 131 129 0000000000000000 0
27121 97 0 132 129 0000000000000000 0
27217 67 0 131 127 0000000000000000 0
27312 51 0 130 123 0000000000000000 0
27408 48 0 129 123 0000000000000000 0
27498 48 0 129 123 0000000000000000 0
27593 46 0 162 133 0000000000000000 0
27685 21 6 255 141 0000000000000000 0
27776 0 34 255 143 0000000000000000 0
27867 0 67 255 143 0000000000000000 0
27964 0 96 255 142 0000000000000000 0
28059 0 134 255 141 0000000000000000 0
28149 0 141 255 142 0000000000000000 0
28239 124 128 255 141 0000000000000000 0
28331 125 128 255 138 0000000000000000 0
28426 136 83 124 123 0000000000000000 0
28518 134 0 124 126 0000000000000000 0
28610 133 0 124 126 0000000000000000 0
28718 133 0 124 126 0000000000000000 0
28810 121 0 124 126 0000000000000000 0
28903 117 0 124 125 0000000000000000 0
28994 117 0 124 125 0000000000000000 0
29091 123 0 124 126 0000000000000000 0
29182 129 0 124 126 0000000000000000 0
29273 128 132 124 125 0000000000000000 0
29363 128 127 124 125 0000000000000000 0
29455 128 127 124 125 0000000000000000 0
29548 128 126 124 126 0000000000000000 0
29643 128 126 124 126 0000000000000000 0
29734 128 127 124 126 0000000000000000 0
29825 128 127 124 126 0000000000000000 0
29917 128 126 124 126 0000000000000000 0
30009 128 127 124 126 0000000000000000 0
30103 128 126 124 126 0000000000000000 0
30195 128 126 124 126 0000000000000000 0
30287 128 126 124 126 0000000000000000 0
30381 128 126 124 126 0000000000000000 0
30474 128 127 124 126 0000000000000000 0
30566 128 127 124 126 0000000000000000 0
30660 128 126 124 126 0000000000000000 0
30757 128 127 124 126 0000000000000000 0
30847 128 126 124 126 0000000000000000 0
30939 128 127 124 126 0000000000000000 0
31036 128 126 124 126 0000000000000000 0
31130 128 126 124 126 0000000000000000 0
31225 128 126 124 126 0000000000000000 0
31319 128 127 124 126 0000000000000000 0
31411 128 127 124 126 0000000000000000 0
31503 128 126 124 126 0000000000000000 0
31599 128 126 124 126 0000000000000000 0
31692 128 127 124 126 0000000000000000 0
31783 128 127 124 126 0000000000000000 0
31880 128 127 124 126 0000000000000000 0
31972 128 127 124 126 0000000000000000 0
32066 128 126 124 126 0000000000000000 0
32156 128 126 124 126 0000000000000000 0
32248 128 126 124 126 0000000000000000 0
32344 128 126 124 126 0000000000000000 0
32436 128 127 124 126 0000000000000000 0
32530 128 126 124 126 0000000000000000 0
32623 128 126 124 126 0000000000000000 0
32721 128 126 124 126 0000000000000000 0
32814 128 126 124 126 0000000000000000 0
32906 128 127 124 126 0000000000000000 0
32997 128 126 124 126 0000000000000000 0
33088 128 127 124 126 0000000000000000 0
33179 128 127 124 126 0000000000000000 0
33270 128 126 124 126 0000000000000000 0
33365 128 126 124 126 0000000000000000 0
33457 128 126 124 126 0000000000000000 0
33549 128 126 124 126 0000000000000000 0
33644 128 127 124 126 0000000000000000 0
33738 128 126 124 126 0000000000000000 0
33829 128 127 124 126 0000000000000000 0
33920 128 126 124 125 0000000000000000 0
34010 128 126 124 125 0000000000000000 0
34100 128 127 124 125 0000000000000000 0
34190 128 127 124 126 0000000000000000 0
34281 128 126 124 126 0000000000000000 0
34371 128 127 124 126 0000000000000000 0
34462 127 134 124 126 0000000000000000 0
34555 123 238 209 166 0000000000000000 0
34648 93 255 255 190 0000000000000000 0
34740 81 255 255 190 0000000000000000 0
34831 62 255 255 190 0000000000000000 0
34926 126 126 255 143 0000000000000000 0
35022 126 126 221 31 0000000000000000 0
35113 126 126 148 46 0000000000000000 0
35205 126 122 127 128 0000000000000000 0
35300 97 1 127 128 0000000000000000 0
35392 78 0 127 128 0000000000000000 0
35482 78 0 127 128 0000000000000000 0
35574 97 0 127 128 0000000000000000 0
35665 122 0 127 128 0000000000000000 0
35759 126 0 127 128 0000000000000000 0
35854 124 0 127 128 0000000000000000 0
35949 122 0 130 128 0000000000000000 0
36044 123 0 157 135 0000000000000000 0
36135 126 0 255 148 0000000000000000 0
36227 130 0 255 134 0000000000000000 0
36316 131 0 255 92 0000000000000000 0
36406 132 0 255 54 0000000000000000 0
36497 132 0 127 125 0000000000000000 0
36591 135 0 124 127 0000000000000000 0
36685 156 0 124 127 0000000000000000 0
36776 162 0 124 127 0000000000000000 0
36868 162 0 124 127 0000000000000000 0
36959 193 0 124 127 0000000000000000 0
37056 213 0 124 127 0000000000000000 0
37147 207 0 124 127 0000000000000000 0
37241 191 0 125 127 0000000000000000 0
37338 185 0 124 127 0000000000000000 0
37429 179 0 125 127 0000000000000000 0
37519 164 0 132 128 0000000000000000 0
37613 149 0 148 130 0000000000000000 0
37707 139 0 215 132 0000000000000000 0
37800 118 0 251 132 0000000000000000 0
37891 116 0 150 131 0000000000000000 0
37989 120 0 134 127 0000000000000000 0
38085 136 0 133 127 0000000000000000 0
38181 139 0 133 128 0000000000000000 0
38273 129 0 134 128 0000000000000000 0
38364 136 0 137 129 0000000000000000 0
38455 172 0 213 143 0000000000000000 0
38546 196 0 255 158 0000000000000000 0
38641 190 0 255 157 0000000000000000 0
38733 183 0 164 137 0000000000000000 0
38828 179 0 134 127 0000000000000000 0
38922 174 0 133 127 0000000000000000 0
39018 174 0 133 127 0000000000000000 0
39110 174 0 132 127 0000000000000000 0
39204 174 0 132 127 0000000000000000 0
39296 170 6 132 125 0000000000000000 0
39388 168 6 132 124 0000000000000000 0
39485 166 6 132 124 0000000000000000 0
39577 162 22 132 124 0000000000000000 0
39669 118 133 130 120 0000000000000000 0
39761 126 127 134 126 0000000000000000 0
39854 126 127 131 120 0000000000000000 0
39948 64 143 160 135 0000000000000000 0
40042 0 123 223 155 0000100000000000 0
40137 0 116 127 128 0000100000000000 0
40229 0 90 128 128 0000100000000000 0
40320 0 76 227 124 0000100000000000 0
40411 124 127 255 174 0000000000000000 0
40501 124 127 255 174 0000000000000000 0
40592 124 127 255 174 0000000000000000 0
40702 125 127 226 137 0000000000000000 0
40792 124 127 125 127 0000000000000000 0
40884 120 126 125 128 0000000000000000 0
40976 122 120 126 128 0000000000000000 0
41072 134 0 172 172 0000000000000000 0
41163 145 0 250 242 0000000000000000 0
41257 121 0 255 236 0000000000000000 0
41350 118 0 255 236 0000100000000000 0
41445 126 123 190 196 0000100000000000 0
41536 126 126 124 120 0000100000000000 0
41626 126 126 126 121 0000100000000000 0
41716 126 126 127 127 0000100000000000 0
41808 126 126 127 127 0000100000000000 0
41904 126 126 127 127 0000100000000000 0
41997 126 126 143 130 0000100000000000 0
42089 128 125 244 162 0000100000000000 0
42185 137 101 255 165 0000100000000000 0
42279 162 0 198 163 0000000000000000 0
42370 138 131 126 128 0000100000000000 0
42464 126 126 126 128 0000100000000000 0
42562 126 126 126 128 0000000000000000 0
42654 126 126 126 124 0000100000000000 0
42752 126 126 126 129 0000000000000000 0
42841 126 126 126 119 0000100000000000 0
42933 126 126 126 124 0000000000000000 0
43024 139 97 127 119 0000100000000000 0
43118 110 0 117 87 0000000000000000 0
43211 111 0 70 73 0000100000000000 0
43302 115 0 62 70 0000100000000000 0
43392 126 127 69 112 0000000000000000 0
43490 126 127 69 93 0000100000000000 0
43581 126 126 51 121 0000100000000000 0
43678 126 126 8 124 0000100000000000 0
43771 126 126 0 130 0000100000000000 0
43863 126 127 0 115 0000000000000000 0
43955 126 127 0 84 0000000000000000 0
44045 126 127 1 29 0000000000000000 0
44135 126 127 33 0 0000000000000000 0
44225 126 127 125 129 0000000000000000 0
44316 126 126 128 128 0000000000000000 0
44410 126 126 128 128 0000000000000000 0
44503 126 126 128 128 0000000000000000 0
44594 133 132 128 128 0000000000000000 0
44685 214 66 128 128 0000000000000000 0
44777 253 15 128 128 0000000000000000 0
44869 251 14 128 128 0000000000000000 0
44964 251 13 128 128 0000000000000000 0
45057 243 6 128 128 0000000000000000 0
45147 237 1 130 128 0000000000000000 0
45237 236 0 155 129 0000000000000000 0
45327 227 0 246 123 0000000000000000 0
45417 188 0 247 103 0000000000000000 0
45507 168 0 167 90 0000000000000000 0
45597 168 0 133 113 0000000000000000 0
45691 148 0 133 116 0000000000000000 0
45784 136 0 134 116 0000000000000000 0
45877 136 0 137 117 0000000000000000 0
45970 139 0 140 118 0000000000000000 0
46061 200 0 141 120 0000000000000000 0
46156 225 0 139 117 0000000000000000 0
46248 233 0 137 114 0000000000000000 0
46339 240 4 219 101 0000000000000000 0
46438 243 6 255 97 0000000000000000 0
46533 243 6 255 102 0000000000000000 0
46625 243 6 255 97 0000000000000000 0
46718 243 6 131 123 0000000000000000 0
46811 243 6 131 128 0000000000000000 0
46902 242 5 131 128 0000000000000000 0
46995 242 5 131 128 0000000000000100 0
47089 242 5 131 128 0000000000000000 0
47183 243 6 131 128 0000000000000000 0
47274 251 36 131 128 0000000000000000 0
47364 127 127 131 128 0000000000000000 0
47455 127 127 131 128 0000000000000000 0
47546 127 127 131 128 0000000000000000 0
47642 127 127 131 128 0000000000000000 0
47733 140 126 131 128 0000000000000000 0
47824 255 92 126 122 0000000000000000 0
47923 255 36 255 111 0000000000000000 0
48016 255 34 255 127 0000000000000000 0
48106 255 28 255 119 0000000000000000 0
48196 233 0 227 21 0000000000000000 0
48287 191 0 229 0 0000000000000000 0
48376 172 0 230 10 0000000000000000 0
48470 162 0 133 121 0000000000000000 0
48564 159 0 125 127 0000000000000000 0
48661 153 0 125 127 0000000000000000 0
48755 151 0 125 128 0000000000000000 0
48848 151 0 125 128 0000000000000000 0
48939 152 0 125 128 0000000000000000 0
49030 153 0 125 128 0000000000000000 0
49124 157 0 125 128 0000000000000000 0
49218 177 0 125 128 0000000000000000 0
49309 184 0 125 128 0000000000000000 0
49400 224 91 125 129 0000000000000000 0
49490 126 128 0 134 0000000000000000 0
49580 126 127 0 137 0000000000000000 0
49671 125 128 0 138 0000000000000000 0
49760 122 129 0 138 0000000000000000 0
49851 36 127 0 138 0000000000000000 0
49943 0 122 0 138 0000000000000000 0
50039 32 26 58 110 0000000000000000 0
50133 87 0 128 128 0000000000000000 0
50226 146 0 128 128 0000000000000000 0
50319 192 0 128 128 0000000000000000 0
50411 255 19 105 124 0000000000000000 0
50503 255 34 0 130 0000000000000000 0
50593 255 34 0 123 0000000000000000 0
50685 255 43 0 109 0000000000000000 0
50781 255 70 0 79 0000000000000000 0
50872 255 54 4 39 0000000000000000 0
50964 237 0 55 47 0000000000000000 0
51056 218 0 127 128 0000000000000000 0
51148 217 0 127 128 0000000000000000 0
51244 217 0 127 128 0000000000000000 0
51334 237 1 122 134 0000000000000000 0
51425 255 25 69 251 0000000000000000 0
51515 255 42 66 245 0000000000000000 0
51605 131 134 129 128 0000000000000000 0
51703 125 127 129 128 0000000000000000 0
51795 125 127 129 128 0000000000000000 0
51889 125 127 129 128 0000000000000000 0
51984 125 127 129 128 0000000000000000 0
52076 125 127 129 128 0000000000000000 0
52168 125 127 129 128 0000000000000000 0
52257 125 127 129 128 0000000000000000 0
52364 125 127 129 128 0000000000000000 0
52446 125 127 129 128 0000000000000000 0
52538 125 127 129 128 0000000000000000 0
52629 125 127 129 128 0000000000000000 0
52721 125 127 129 128 0000000000000000 0
52813 125 127 129 128 0000000000000000 0
52906 125 127 129 128 0000000000000000 0
52998 125 127 129 128 0000000000000000 0
53090 125 127 129 128 0000000000000000 0
53180 125 127 129 128 0000000000000000 0
53270 125 127 129 128 0000000000000000 0
53361 125 127 129 128 0000000000000000 0
53453 125 127 129 128 0000000000000000 0
53547 125 127 129 128 0000000000000000 0
53641 125 127 129 128 0000000000000000 0
53731 125 127 129 128 0000000000000000 0
53824 125 127 129 128 0000000000000000 0
53919 125 127 129 128 0000000000000000 0
54011 125 127 129 128 0000000000000000 0
54101 125 127 129 128 0000000000000000 0
54192 125 127 129 128 0000000000000000 0
54283 125 127 129 128 0000000000000000 0
54375 125 127 129 128 0000000000000000 0
54470 125 127 129 128 0000000000000000 0
54566 125 127 129 128 0000000000000000 0
54662 125 127 129 128 0000000000000000 0
54753 125 127 129 128 0000000000000000 0
54845 125 127 129 128 0000000000000000 0
54935 125 127 129 128 0000000000000000 0
55025 125 127 129 128 0000000000000000 0
55117 125 127 129 128 0000000000000000 0
55209 125 127 129 128 0000000000000000 0
55305 125 127 129 128 0000000000000000 0
55397 125 127 129 128 0000000000000000 0
55488 125 127 129 128 0000000000000000 0
55580 125 127 129 128 0000000000000000 0
55677 125 127 129 128 0000000000000000 0
55768 156 0 129 132 0000000000000000 0
55858 159 0 113 255 0000000000000000 0
55948 159 0 127 255 0000000000000000 0
56040 158 0 123 243 0000000000000000 0
56135 152 0 127 128 0000000000000000 0
56227 128 128 127 128 0000000000000000 0
56321 126 126 127 128 0000000000000000 0
56414 126 127 127 128 0000000000000000 0
56509 126 126 127 128 0000000000000000 0
56600 126 126 127 128 0000000000000000 0
56714 126 127 127 128 0000000000000000 0
56791 123 126 127 128 0000000000000000 0
56883 61 46 127 128 0000000000000000 0
56974 35 0 127 128 0000000000000000 0
57069 56 0 127 128 0000000000000000 0
57161 73 0 127 128 0000000000000000 0
57252 88 0 127 128 0000000000000100 0
57342 201 0 127 128 0000000000000000 0
57433 211 0 127 128 0000000000000000 0
57522 212 0 127 128 0000000000000000 0
57620 212 0 127 128 0000000000000000 0
57712 212 0 127 128 0000000000000000 0
57806 130 135 127 128 0000000000000000 0
57898 126 127 127 128 0000000000000000 0
57992 126 126 127 128 0000000000000000 0
58085 127 126 127 128 0000000000000000 0
58182 127 127 127 128 0000000000000000 0
58274 127 127 127 128 0000000000000000 0
58366 127 127 127 128 0000000000000000 0
58464 127 127 127 128 0000000000000000 0
58555 127 127 127 128 0000000000000000 0
58645 127 126 127 128 0000000000000000 0
58736 127 127 127 128 0000000000000000 0
58828 127 127 127 128 0000000000000000 0
58925 127 126 127 128 0000000000000000 0
59017 127 126 127 128 0000000000000000 0
59114 127 126 127 128 0000000000000000 0
59209 127 127 127 128 0000000000000000 0
59302 126 127 127 128 0000000000000000 0
59394 126 127 127 128 0000000000000000 0
59487 126 127 127 128 0000000000000000 0
59582 127 127 127 128 0000000000000000 0
59673 126 127 127 128 0000000000000000 0
59770 126 127 127 128 0000000000000000 0
59862 126 127 127 128 0000000000000000 0
59954 126 127 127 128 0000000000000000 0
60050 126 127 127 128 0000000000000000 0
60142 126 127 127 128 0000000000000000 0
60234 127 127 127 128 0000000000000000 0
60326 127 127 127 128 0000000000000000 0
60421 127 126 127 128 0000000000000000 0
60513 127 126 127 128 0000000000000000 0
60604 127 126 127 128 0000000000000000 0
60695 127 127 127 128 0000000000000000 0
60787 127 127 127 128 0000000000000000 0
60877 127 126 127 128 0000000000000000 0
60972 127 126 127 128 0000000000000000 0
61066 127 126 127 128 0000000000000000 0
61158 127 127 127 128 0000000000000000 0
61252 127 127 127 128 0000000000000000 0
61346 127 127 127 128 0000000000000000 0
61437 127 127 127 128 0000000000000000 0
61530 127 127 127 128 0000000000000000 0
61626 127 127 127 128 0000000000000000 0
61718 127 127 127 128 0000000000000000 0
61808 127 127 127 128 0000000000000000 0
61900 127 127 127 128 0000000000000000 0
61998 127 127 127 128 0000000000000000 0
62090 127 127 127 128 0000000000000000 0
62181 127 127 127 128 0000000000000000 0
62278 127 127 127 128 0000000000000000 0
62370 127 127 127 128 0000000000000000 0
62465 127 127 127 128 0000000000000000 0
62561 127 127 127 128 0000000000000000 0
62652 127 127 127 128 0000000000000000 0
62742 127 127 127 128 0000000000000000 0
62839 127 127 127 128 0000000000000000 0
62932 127 127 127 128 0000000000000000 0
63024 127 127 127 128 0000000000000000 0
63116 127 127 127 128 0000000000000000 0
63212 127 127 127 128 0000000000000000 0
63309 127 127 127 128 0000000000000000 0
63405 127 127 127 128 0000000000000000 0
63498 127 127 127 128 0000000000000000 0
63593 127 127 127 128 0000000000000000 0
63685 127 127 127 128 0000000000000000 0
63776 127 127 127 128 0000000000000000 0
63868 127 127 127 128 0000000000000000 0
63957 127 127 127 128 0000000000000000 0
64047 127 127 127 128 0000000000000000 0
64137 127 127 127 128 0000000000000000 0
64227 127 127 127 128 0000000000000000 0
64317 127 127 127 128 0000000000000000 0
64407 127 127 127 128 0000000000000000 0
64499 127 127 127 128 0000000000000000 0
64598 127 127 127 128 0000000000000000 0
64688 127 127 127 128 0000000000000000 0
64784 127 127 127 128 0000000000000000 0
64881 127 127 127 128 0000000000000000 0
64971 127 127 127 128 0000000000000000 0
65061 127 127 127 128 0000000000000000 0
65152 127 127 127 128 0000000000000000 0
65243 127 127 127 128 0000000000000000 0
65339 127 127 127 128 0000000000000000 0
65434 127 127 127 128 0000000000000000 0
65529 127 127 127 128 0000000000000000 0
65623 127 127 127 128 0000000000000000 0
65713 127 127 127 128 0000000000000000 0
65803 127 127 127 128 0000000000000000 0
65893 127 127 127 128 0000000000000000 0
65982 127 127 127 128 0000000000000000 0
66074 127 127 127 128 0000000000000000 0
66165 127 127 127 128 0000000000000000 0
66257 127 127 127 128 0000000000000000 0
66350 127 127 127 128 0000000000000000 0
66443 127 127 127 128 0000000000000000 0
66536 127 127 127 128 0000000000000000 0
66627 127 127 127 128 0000000000000000 0
66723 127 127 127 128 0000000000000000 0
66814 127 127 127 128 0000000000000000 0
66905 127 127 127 128 0000000000000000 0
66995 127 127 127 128 0000000000000000 0
67087 127 127 127 128 0000000000000000 0
67178 127 127 127 128 0000000000000000 0
67274 127 127 127 128 0000000000000000 0
67365 127 127 127 128 0000000000000000 0
67456 127 127 127 128 0000000000000000 0
67565 127 127 127 128 0000000000000000 0
67646 127 127 127 128 0000000000000000 0
67737 127 127 127 128 0000000000000000 0
67837 127 127 127 128 0000000000000000 0
67927 127 127 127 128 0000000000000000 0
68018 127 127 127 128 0000000000000000 0
68111 127 127 127 128 0000000000000000 0
68202 127 127 127 128 0000000000000000 0
68295 127 127 127 128 0000000000000000 0
68388 127 127 127 128 0000000000000000 0
68479 127 127 127 128 0000000000000000 0
68570 127 127 127 128 0000000000000000 0
68660 127 127 127 128 0000000000000000 0
68750 127 127 127 128 0000000000000000 0
68847 127 127 127 128 0000000000000000 0
68942 127 127 127 128 0000000000000000 0
69032 127 127 127 128 0000000000000000 0
69121 127 127 127 128 0000000000000000 0
69213 127 127 127 128 0000000000000000 0
69304 127 127 127 128 0000000000000000 0
69399 127 127 127 128 0000000000000000 0
69490 127 127 127 128 0000000000000000 0
69580 127 127 127 128 0000000000000000 0
69689 127 127 127 128 0000000000000000 0
69761 127 127 127 128 0000000000000000 0
69858 127 127 127 128 0000000000000000 0
69951 127 127 127 128 0000000000000000 0
70041 127 127 127 128 0000000000000000 0
70134 127 127 127 128 0000000000000000 0
70224 127 127 127 128 0000000000000000 0
70316 127 127 127 128 0000000000000000 0
70411 127 127 127 128 0000000000000000 0
70507 127 127 127 128 0000000000000000 0
70601 127 127 127 128 0000000000000000 0
70693 127 127 127 128 0000000000000000 0
70783 127 127 127 128 0000000000000000 0
70879 127 127 127 128 0000000000000000 0
70973 127 127 127 128 0000000000000000 0
71065 127 127 127 128 0000000000000000 0
71158 127 127 127 128 0000000000000000 0
71250 127 127 127 128 0000000000000000 0
71342 127 127 127 128 0000000000000000 0
71435 127 127 127 128 0000000000000000 0
71526 127 127 127 128 0000000000000000 0
71618 127 127 127 128 0000000000000000 0
71708 127 127 127 128 0000000000000000 0
71817 127 127 127 128 0000000000000000 0
71893 127 127 127 128 0000000000000000 0
71985 127 127 127 128 0000000000000000 0
72078 127 127 127 128 0000000000000000 0
72168 127 127 127 128 0000000000000000 0
72259 127 127 127 128 0000000000000000 0
72357 127 127 127 128 0000000000000000 0
72449 127 127 127 128 0000000000000000 0
72539 127 126 127 128 0000000000000000 0
72631 127 127 127 128 0000000000000000 0
72720 127 127 127 128 0000000000000000 0
72811 127 126 127 128 0000000000000000 0
72901 127 127 127 128 0000000000000000 0
72991 127 126 127 128 0000000000000000 0
73081 127 127 127 128 0000000000000000 0
73171 127 127 127 128 0000000000000000 0
73261 127 127 127 128 0000000000000000 0
73353 127 126 127 128 0000000000000000 0
73449 127 127 127 128 0000000000000000 0
73539 127 126 127 128 0000000000000000 0
73640 127 127 127 128 0000000000000000 0
73731 127 126 127 128 0000000000000000 0
73822 127 126 127 128 0000000000000000 0
73916 127 127 127 128 0000000000000000 0
74003 127 126 127 128 0000000000000000 0
74100 127 127 127 128 0000000000000000 0
74193 127 127 127 128 0000000000000000 0
74282 127 126 127 128 0000000000000000 0
74375 127 127 127 128 0000000000000000 0
74464 127 126 127 128 0000000000000000 0
74555 127 127 127 128 0000000000000000 0
74645 127 127 127 128 0000000000000000 0
74737 127 126 127 128 0000000000000000 0
74827 127 126 127 128 0000000000000000 0
74920 127 126 127 128 0000000000000000 0
75016 127 127 127 128 0000000000000000 0
75113 127 127 127 128 0000000000000000 0
75204 127 127 127 128 0000000000000000 0
75294 127 127 127 128 0000000000000000 0
75385 127 127 127 128 0000000000000000 0
75476 127 127 127 128 0000000000000000 0
75566 127 127 127 128 0000000000000000 0
75656 127 127 127 128 0000000000000000 0
75747 127 127 127 128 0000000000000000 0
75836 127 127 127 128 0000000000000000 0
75926 127 126 127 128 0000000000000000 0
76018 127 127 127 128 0000000000000000 0
76107 127 127 127 128 0000000000000000 0
76197 127 126 127 128 0000000000000000 0
76286 127 127 127 128 0000000000000000 0
76377 127 127 127 128 0000000000000000 0
76467 127 126 127 128 0000000000000000 0
76557 127 127 127 128 0000000000000000 0
76648 127 127 127 128 0000000000000000 0
76739 127 126 127 128 0000000000000000 0
76834 127 126 127 128 0000000000000000 0
76926 127 126 127 128 0000000000000000 0
77017 127 127 127 128 0000000000000000 0
77119 127 126 127 128 0000000000000000 0
77209 127 127 127 128 0000000000000000 0
77300 127 126 127 128 0000000000000000 0
77392 127 127 127 128 0000000000000000 0
77487 127 126 127 128 0000000000000000 0
77581 127 126 127 128 0000000000000000 0
77671 127 126 127 128 0000000000000000 0
77763 127 126 127 128 0000000000000000 0
77858 127 126 127 128 0000000000000000 0
77949 127 127 127 128 0000000000000000 0
78039 127 127 127 128 0000000000000000 0
78133 127 127 127 128 0000000000000000 0
78221 127 127 127 128 0000000000000000 0
78312 127 126 127 128 0000000000000000 0
78402 127 127 127 128 0000000000000000 0
78492 127 127 127 128 0000000000000000 0
78582 127 127 127 128 0000000000000000 0
78672 127 126 127 128 0000000000000000 0
78762 127 126 127 128 0000000000000000 0
78853 127 127 127 128 0000000000000000 0
78944 127 127 127 128 0000000000000000 0
79035 127 126 127 128 0000000000000000 0
79131 127 127 127 128 0000000000000000 0
79223 127 127 127 128 0000000000000000 0
79313 127 127 127 128 0000000000000000 0
79405 127 127 127 128 0000000000000000 0
79501 127 126 127 128 0000000000000000 0
79592 127 127 127 128 0000000000000000 0
79683 127 127 127 128 0000000000000000 0
79773 127 126 127 128 0000000000000000 0
79875 127 127 127 128 0000000000000000 0
79964 127 126 127 128 0000000000000000 0
80056 127 126 127 128 0000000000000000 0
80145 127 127 127 128 0000000000000000 0
80239 127 126 127 128 0000000000000000 0
80326 127 127 127 128 0000000000000000 0
80416 127 127 127 128 0000000000000000 0
80506 127 127 127 128 0000000000000000 0
80596 127 126 127 128 0000000000000000 0
80685 127 126 127 128 0000000000000000 0
80776 127 127 127 128 0000000000000000 0
80866 127 127 127 128 0000000000000000 0
80955 127 126 127 128 0000000000000000 0
81048 127 127 127 128 0000000000000000 0
81142 127 126 127 128 0000000000000000 0
81235 127 126 127 128 0000000000000000 0
81326 127 127 127 128 0000000000000000 0
81417 127 126 127 128 0000000000000000 0
81509 127 126 127 128 0000000000000000 0
81604 127 127 127 128 0000000000000000 0
81700 127 126 127 128 0000000000000000 0
81793 127 127 127 128 0000000000000000 0
81885 127 127 127 128 0000000000000000 0
81987 127 126 127 128 0000000000000000 0
82078 127 127 127 128 0000000000000000 0
82169 127 126 127 128 0000000000000000 0
82259 127 127 127 128 0000000000000000 0
82351 127 127 127 128 0000000000000000 0
82442 127 126 127 128 0000000000000000 0
82531 127 127 127 128 0000000000000000 0
82623 127 126 127 128 0000000000000000 0
82717 127 126 127 128 0000000000000000 0
82810 127 126 127 128 0000000000000000 0
82900 127 126 127 128 0000000000000000 0
82991 127 126 127 128 0000000000000000 0
83081 127 127 127 128 0000000000000000 0
83173 127 127 127 128 0000000000000000 0
83262 127 127 127 128 0000000000000000 0
83353 127 127 127 128 0000000000000000 0
83444 127 127 127 128 0000000000000000 0
83535 127 127 127 128 0000000000000000 0
83631 127 126 127 128 0000000000000000 0
83724 127 127 127 128 0000000000000000 0
83821 127 126 127 128 0000000000000000 0
83913 127 127 127 128 0000000000000000 0
84003 127 127 127 128 0000000000000000 0
84098 127 126 127 128 0000000000000000 0
84192 127 127 127 128 0000000000000000 0
84285 127 126 127 128 0000000000000000 0
84376 127 126 127 128 0000000000000000 0
84469 127 127 127 128 0000000000000000 0
84558 127 126 127 128 0000000000000000 0
84654 127 126 127 128 0000000000000000 0
84752 127 126 127 128 0000000000000000 0
84845 127 126 127 128 0000000000000000 0
84937 127 126 127 128 0000000000000000 0
85031 127 126 127 128 0000000000000000 0
85121 127 126 127 128 0000000000000000 0
85216 127 126 127 128 0000000000000000 0
